Using pre-set license
Built from '2020.2/release' branch; Version is '2020.2.1f1 (270dd8c3da1c) revision 2559448'; Using compiler version '192528614'; Build Type 'Release'
OS: 'Windows 10  (10.0.0) 64bit' Language: 'en' Physical Memory: 8088 MB
BatchMode: 1, IsHumanControllingUs: 0, StartBugReporterOnCrash: 0, Is64bit: 1, IsPro: 0

 COMMAND LINE ARGUMENTS:
C:\Program Files\Unity\Hub\Editor\2020.2.1f1\Editor\Unity.exe
-adb2
-batchMode
-noUpm
-name
AssetImportWorker0
-projectPath
D:/SISMUL/Game Media Pembelajaran Huruf Hijaiyah
-logFile
Logs/AssetImportWorker0.log
-srvPort
50544
Successfully changed project path to: D:/SISMUL/Game Media Pembelajaran Huruf Hijaiyah
D:/SISMUL/Game Media Pembelajaran Huruf Hijaiyah
Using Asset Import Pipeline V2.
Refreshing native plugins compatible for Editor in 75.00 ms, found 1 plugins.
Preloading 0 native plugins for Editor in 0.00 ms.
Initialize engine version: 2020.2.1f1 (270dd8c3da1c)
[Subsystems] Discovering subsystems at path C:/Program Files/Unity/Hub/Editor/2020.2.1f1/Editor/Data/Resources/UnitySubsystems
[Subsystems] Discovering subsystems at path D:/SISMUL/Game Media Pembelajaran Huruf Hijaiyah/Assets
GfxDevice: creating device client; threaded=0
Direct3D:
    Version:  Direct3D 11.0 [level 11.0]
    Renderer: NVIDIA GeForce 920MX (ID=0x134f)
    Vendor:   
    VRAM:     2010 MB
    Driver:   24.21.13.9924
Initialize mono
Mono path[0] = 'C:/Program Files/Unity/Hub/Editor/2020.2.1f1/Editor/Data/Managed'
Mono path[1] = 'C:/Program Files/Unity/Hub/Editor/2020.2.1f1/Editor/Data/MonoBleedingEdge/lib/mono/unityjit'
Mono config path = 'C:/Program Files/Unity/Hub/Editor/2020.2.1f1/Editor/Data/MonoBleedingEdge/etc'
Using monoOptions --debugger-agent=transport=dt_socket,embedding=1,server=y,suspend=n,address=127.0.0.1:56408
Begin MonoManager ReloadAssembly
Registering precompiled unity dll's ...
Register platform support module: C:/Program Files/Unity/Hub/Editor/2020.2.1f1/Editor/Data/PlaybackEngines/WindowsStandaloneSupport/UnityEditor.WindowsStandalone.Extensions.dll
Registered in 0.002973 seconds.
Native extension for WindowsStandalone target not found
Refreshing native plugins compatible for Editor in 83.78 ms, found 1 plugins.
Preloading 0 native plugins for Editor in 0.00 ms.
Invoked RoslynAnalysisRunner static constructor.
RoslynAnalysisRunner will not be running.
RoslynAnalysisRunner has terminated.
Mono: successfully reloaded assembly
- Completed reload, in  2.022 seconds
Platform modules already initialized, skipping
Registering precompiled user dll's ...
Registered in 0.001382 seconds.
Begin MonoManager ReloadAssembly
Native extension for WindowsStandalone target not found
Refreshing native plugins compatible for Editor in 76.11 ms, found 1 plugins.
Preloading 0 native plugins for Editor in 0.00 ms.
Invoked RoslynAnalysisRunner static constructor.
RoslynAnalysisRunner will not be running.
RoslynAnalysisRunner has terminated.
Mono: successfully reloaded assembly
- Completed reload, in  1.776 seconds
Platform modules already initialized, skipping
========================================================================
Worker process is ready to serve import requests
Launched and connected shader compiler UnityShaderCompiler.exe after 0.05 seconds
Refreshing native plugins compatible for Editor in 0.75 ms, found 1 plugins.
Preloading 0 native plugins for Editor in 0.00 ms.
Unloading 1797 Unused Serialized files (Serialized files now loaded: 0)
System memory in use before: 84.2 MB.
System memory in use after: 84.3 MB.

Unloading 19 unused Assets to reduce memory usage. Loaded Objects now: 2242.
Total: 3.621000 ms (FindLiveObjects: 0.297500 ms CreateObjectMapping: 0.202500 ms MarkObjects: 3.038700 ms  DeleteObjects: 0.079500 ms)

========================================================================
Received Import Request.
  path: Assets/Scenes/hard 1.unity
  artifactKey: Guid(adc71a5cf76b79b4c9f03973a4f7768f) Importer(815301076,1909f56bfc062723c751e8b465ee728b)
Start importing Assets/Scenes/hard 1.unity using Guid(adc71a5cf76b79b4c9f03973a4f7768f) Importer(815301076,1909f56bfc062723c751e8b465ee728b)  -> (artifact id: 'eb690e343c00ca6178683d4c86685392') in 0.031411 seconds
  Import took 0.037656 seconds .

========================================================================
Received Import Request.
  Time since last request: 1.478807 seconds.
  path: Assets/Scenes/easy.unity
  artifactKey: Guid(adc71a5cf76b79b4c9f03973a4f7768f) Importer(815301076,1909f56bfc062723c751e8b465ee728b)
Start importing Assets/Scenes/easy.unity using Guid(adc71a5cf76b79b4c9f03973a4f7768f) Importer(815301076,1909f56bfc062723c751e8b465ee728b)  -> (artifact id: 'dfa0b65b10f799b17b3dcfadb40bc905') in 0.012607 seconds
  Import took 0.019145 seconds .

========================================================================
Received Import Request.
  Time since last request: 1.000601 seconds.
  path: Assets/Scenes/easy 1.unity
  artifactKey: Guid(65e270d8558680f498cfaa52119975d9) Importer(815301076,1909f56bfc062723c751e8b465ee728b)
Start importing Assets/Scenes/easy 1.unity using Guid(65e270d8558680f498cfaa52119975d9) Importer(815301076,1909f56bfc062723c751e8b465ee728b)  -> (artifact id: 'e3b5e78229d21ef5c4eea6532f51f7eb') in 0.013640 seconds
  Import took 0.019472 seconds .

========================================================================
Received Import Request.
  Time since last request: 5.307031 seconds.
  path: Assets/Scenes/medium.unity
  artifactKey: Guid(65e270d8558680f498cfaa52119975d9) Importer(815301076,1909f56bfc062723c751e8b465ee728b)
Start importing Assets/Scenes/medium.unity using Guid(65e270d8558680f498cfaa52119975d9) Importer(815301076,1909f56bfc062723c751e8b465ee728b)  -> (artifact id: 'c0d42610d7be743f4b7c993741fbf93f') in 0.067921 seconds
  Import took 0.073224 seconds .

========================================================================
Received Import Request.
  Time since last request: 8.082458 seconds.
  path: Assets/Scenes/hard.unity
  artifactKey: Guid(7fd0a1b0dde2cfa47988dbf35dfee5c6) Importer(815301076,1909f56bfc062723c751e8b465ee728b)
Start importing Assets/Scenes/hard.unity using Guid(7fd0a1b0dde2cfa47988dbf35dfee5c6) Importer(815301076,1909f56bfc062723c751e8b465ee728b)  -> (artifact id: 'e3314656342fa464a72667b6db20d9f2') in 0.013205 seconds
  Import took 0.020189 seconds .

========================================================================
Received Import Request.
  Time since last request: 11.702959 seconds.
  path: Assets/Scenes/cocokangka.unity
  artifactKey: Guid(5fbf8d412e05d314ab8e9c7f3f9d443c) Importer(815301076,1909f56bfc062723c751e8b465ee728b)
Start importing Assets/Scenes/cocokangka.unity using Guid(5fbf8d412e05d314ab8e9c7f3f9d443c) Importer(815301076,1909f56bfc062723c751e8b465ee728b)  -> (artifact id: 'a7055a7dacdc50c6c8376b58c75cd773') in 0.010568 seconds
  Import took 0.017893 seconds .

========================================================================
Received Import Request.
  Time since last request: 196.804958 seconds.
  path: Assets/Scenes/cocokangka.unity
  artifactKey: Guid(5fbf8d412e05d314ab8e9c7f3f9d443c) Importer(815301076,1909f56bfc062723c751e8b465ee728b)
Start importing Assets/Scenes/cocokangka.unity using Guid(5fbf8d412e05d314ab8e9c7f3f9d443c) Importer(815301076,1909f56bfc062723c751e8b465ee728b)  -> (artifact id: '5999bd193196c8e178572ebc11a97102') in 0.005125 seconds
  Import took 0.012823 seconds .

========================================================================
Received Prepare
Registering precompiled user dll's ...
Registered in 0.002067 seconds.
Begin MonoManager ReloadAssembly
Native extension for WindowsStandalone target not found
Refreshing native plugins compatible for Editor in 0.64 ms, found 1 plugins.
Preloading 0 native plugins for Editor in 0.00 ms.
Invoked RoslynAnalysisRunner static constructor.
RoslynAnalysisRunner will not be running.
RoslynAnalysisRunner has terminated.
Mono: successfully reloaded assembly
- Completed reload, in  1.793 seconds
Platform modules already initialized, skipping
Refreshing native plugins compatible for Editor in 0.92 ms, found 1 plugins.
Preloading 0 native plugins for Editor in 0.00 ms.
Unloading 1788 Unused Serialized files (Serialized files now loaded: 0)
System memory in use before: 84.0 MB.
System memory in use after: 84.1 MB.

Unloading 8 unused Assets to reduce memory usage. Loaded Objects now: 2244.
Total: 3.148300 ms (FindLiveObjects: 0.363700 ms CreateObjectMapping: 0.190100 ms MarkObjects: 2.563500 ms  DeleteObjects: 0.026300 ms)

========================================================================
Received Prepare
Registering precompiled user dll's ...
Registered in 0.001911 seconds.
Begin MonoManager ReloadAssembly
Native extension for WindowsStandalone target not found
Refreshing native plugins compatible for Editor in 0.65 ms, found 1 plugins.
Preloading 0 native plugins for Editor in 0.00 ms.
Invoked RoslynAnalysisRunner static constructor.
RoslynAnalysisRunner will not be running.
RoslynAnalysisRunner has terminated.
Mono: successfully reloaded assembly
- Completed reload, in  1.609 seconds
Platform modules already initialized, skipping
Refreshing native plugins compatible for Editor in 0.58 ms, found 1 plugins.
Preloading 0 native plugins for Editor in 0.00 ms.
Unloading 1788 Unused Serialized files (Serialized files now loaded: 0)
System memory in use before: 84.1 MB.
System memory in use after: 84.2 MB.

Unloading 8 unused Assets to reduce memory usage. Loaded Objects now: 2246.
Total: 3.692500 ms (FindLiveObjects: 0.517500 ms CreateObjectMapping: 0.270200 ms MarkObjects: 2.874700 ms  DeleteObjects: 0.027500 ms)

AssetImportWorkerClient::OnTransportError - code=2 error=End of file
